[backblue.gif]
[fade.gif]
[index.html]
[www.w3schools.com/w3css/4/w3.css]
[external.html]
[cdnjs.cloudflare.com/ajax/libs/font-awesome/4.7.0/css/font-awesome.min.css]
[kit.fontawesome.com/a076d05399.js]
[evinay.herokuapp.com/a1.jpg]
[evinay.herokuapp.com/a2.jpg]
[evinay.herokuapp.com/a3.jpg]
[evinay.herokuapp.com/a4.jpg]
[evinay.herokuapp.com/a5.jpg]
[evinay.herokuapp.com/a6.jpg]
[evinay.herokuapp.com/a7.jpg]
[evinay.herokuapp.com/a8.jpg]
[evinay.herokuapp.com/a9.jpg]
[evinay.herokuapp.com/b1.jpg]
[evinay.herokuapp.com/b2.jpg]
[evinay.herokuapp.com/a1.png]
[evinay.herokuapp.com/index.html]
[www.w3schools.com/w3css/4/w3.css]
[cdnjs.cloudflare.com/ajax/libs/font-awesome/4.7.0/css/font-awesome.min.css]
